生成启动时间为 2016/3/28 22:04:51。
     1>项目“E:\c++\ShowVideo\ShowVedio\ShowVedio.vcxproj”在节点 2 上(Build 个目标)。
     1>ClCompile:
         D:\vs\VC\bin\CL.exe /c /ZI /nologo /W3 /WX- /sdl /Od /Oy- /D WIN32 /D _WINDOWS /D _DEBUG /D _MBCS /D _AFXDLL /Gm /EHsc /RTC1 /MDd /GS /fp:precise /Zc:wchar_t /Zc:forScope /Yu"stdafx.h" /Fp"Debug\ShowVedio.pch" /Fo"Debug\\" /Fd"Debug\vc120.pdb" /Gd /TP /analyze- /errorReport:prompt ShowVedioDlg.cpp
         ShowVedioDlg.cpp
     1>e:\c++\showvideo\showvedio\showvediodlg.cpp(343): warning C4244: “初始化”: 从“int”转换到“float”，可能丢失数据
     1>e:\c++\showvideo\showvedio\showvediodlg.cpp(344): warning C4244: “初始化”: 从“int”转换到“float”，可能丢失数据
     1>e:\c++\showvideo\showvedio\showvediodlg.cpp(351): warning C4244: “初始化”: 从“float”转换到“int”，可能丢失数据
     1>e:\c++\showvideo\showvedio\showvediodlg.cpp(332): warning C4101: “tmp”: 未引用的局部变量
     1>e:\c++\showvideo\showvedio\showvediodlg.cpp(332): warning C4101: “r”: 未引用的局部变量
       Link:
         D:\vs\VC\bin\link.exe /ERRORREPORT:PROMPT /OUT:"E:\c++\ShowVideo\Debug\ShowVedio.exe" /INCREMENTAL /NOLOGO opencv_core249d.lib opencv_imgproc249d.lib opencv_highgui249d.lib opencv_ml249d.lib opencv_video249d.lib opencv_features2d249d.lib opencv_calib3d249d.lib opencv_objdetect249d.lib opencv_contrib249d.lib opencv_legacy249d.lib opencv_flann249d.lib /MANIFEST /MANIFESTUAC:"level='asInvoker' uiAccess='false'" /manifest:embed /manifestinput:D:\vs\VC\Include\Manifest\dpiaware.manifest /DEBUG /PDB:"E:\c++\ShowVideo\Debug\ShowVedio.pdb" /SUBSYSTEM:WINDOWS /TLBID:1 /DYNAMICBASE /NXCOMPAT /IMPLIB:"E:\c++\ShowVideo\Debug\ShowVedio.lib" /MACHINE:X86 Debug\ShowVedio.res
         Debug\CvvImage.obj
         Debug\ShowVedio.obj
         Debug\ShowVedioDlg.obj
         Debug\stdafx.obj
         Debug\VideoInfo.obj
         ShowVedio.vcxproj -> E:\c++\ShowVideo\Debug\ShowVedio.exe
     1>已完成生成项目“E:\c++\ShowVideo\ShowVedio\ShowVedio.vcxproj”(Build 个目标)的操作。

生成成功。

已用时间 00:00:04.18
